2022-07-12 12:09:46.539 INFO [http-nio-8088-exec-4] com.example.cloudDisk.service.impl.UserInfoServiceImpl : 用户492c8106f2b549e1a1c2d8baeee3b7cf登录成功
2022-07-12 12:33:10.381 INFO [http-nio-8088-exec-9] com.example.cloudDisk.service.impl.UserInfoServiceImpl : 用户492c8106f2b549e1a1c2d8baeee3b7cf登录成功
2022-07-12 12:33:24.112 INFO [http-nio-8088-exec-5] com.example.cloudDisk.service.impl.UserInfoServiceImpl : 用户492c8106f2b549e1a1c2d8baeee3b7cf登录成功
2022-07-12 12:34:34.044 INFO [http-nio-8088-exec-1] com.example.cloudDisk.service.impl.UserInfoServiceImpl : 用户492c8106f2b549e1a1c2d8baeee3b7cf登录成功
2022-07-12 12:35:40.591 INFO [http-nio-8088-exec-5] com.example.cloudDisk.service.impl.UserInfoServiceImpl : 用户492c8106f2b549e1a1c2d8baeee3b7cf登录成功
2022-07-12 12:38:09.627 INFO [background-preinit] org.hibernate.validator.internal.util.Version : HV000001: Hibernate Validator 6.2.3.Final
2022-07-12 12:38:09.648 INFO [main] com.example.cloudDisk.CloudDiskApplication : Starting CloudDiskApplication using Java 1.8.0_131 on LAPTOP-FBDKCIEO with PID 4308 (D:\hadoop\cloudDisk\cloudDisk\target\classes started by hp in D:\hadoop\cloudDisk\cloudDisk)
2022-07-12 12:38:09.651 INFO [main] com.example.cloudDisk.CloudDiskApplication : The following 1 profile is active: "niu"
2022-07-12 12:38:11.199 INFO [main] org.apache.coyote.http11.Http11NioProtocol : Initializing ProtocolHandler ["http-nio-8088"]
2022-07-12 12:38:11.199 INFO [main] org.apache.catalina.core.StandardService : Starting service [Tomcat]
2022-07-12 12:38:11.199 INFO [main] org.apache.catalina.core.StandardEngine : Starting Servlet engine: [Apache Tomcat/9.0.63]
2022-07-12 12:38:11.348 INFO [main] org.apache.catalina.core.ContainerBase.[Tomcat].[localhost].[/] : Initializing Spring embedded WebApplicationContext
2022-07-12 12:38:14.923 INFO [main] com.example.cloudDisk.common.minio.MinioUtil : 开始创建 MinioClient...
2022-07-12 12:38:15.583 INFO [main] com.example.cloudDisk.common.minio.MinioUtil : 创建完毕 MinioClient...
2022-07-12 12:38:15.978 INFO [main] org.apache.coyote.http11.Http11NioProtocol : Starting ProtocolHandler ["http-nio-8088"]
2022-07-12 12:38:15.996 INFO [main] com.alibaba.druid.pool.DruidDataSource : {dataSource-0} closing ...
2022-07-12 12:38:15.999 INFO [main] org.apache.coyote.http11.Http11NioProtocol : Pausing ProtocolHandler ["http-nio-8088"]
2022-07-12 12:38:15.999 INFO [main] org.apache.catalina.core.StandardService : Stopping service [Tomcat]
2022-07-12 12:38:16.008 INFO [main] org.apache.coyote.http11.Http11NioProtocol : Stopping ProtocolHandler ["http-nio-8088"]
2022-07-12 12:38:16.008 INFO [main] org.apache.coyote.http11.Http11NioProtocol : Destroying ProtocolHandler ["http-nio-8088"]
2022-07-12 12:38:43.396 INFO [background-preinit] org.hibernate.validator.internal.util.Version : HV000001: Hibernate Validator 6.2.3.Final
2022-07-12 12:38:43.457 INFO [main] com.example.cloudDisk.CloudDiskApplication : Starting CloudDiskApplication using Java 1.8.0_131 on LAPTOP-FBDKCIEO with PID 22888 (D:\hadoop\cloudDisk\cloudDisk\target\classes started by hp in D:\hadoop\cloudDisk\cloudDisk)
2022-07-12 12:38:43.462 INFO [main] com.example.cloudDisk.CloudDiskApplication : The following 1 profile is active: "niu"
2022-07-12 12:38:44.966 INFO [main] org.apache.coyote.http11.Http11NioProtocol : Initializing ProtocolHandler ["http-nio-9081"]
2022-07-12 12:38:44.966 INFO [main] org.apache.catalina.core.StandardService : Starting service [Tomcat]
2022-07-12 12:38:44.966 INFO [main] org.apache.catalina.core.StandardEngine : Starting Servlet engine: [Apache Tomcat/9.0.63]
2022-07-12 12:38:45.096 INFO [main] org.apache.catalina.core.ContainerBase.[Tomcat].[localhost].[/] : Initializing Spring embedded WebApplicationContext
2022-07-12 12:38:48.352 INFO [main] com.example.cloudDisk.common.minio.MinioUtil : 开始创建 MinioClient...
2022-07-12 12:38:48.902 INFO [main] com.example.cloudDisk.common.minio.MinioUtil : 创建完毕 MinioClient...
2022-07-12 12:38:49.241 INFO [main] org.apache.coyote.http11.Http11NioProtocol : Starting ProtocolHandler ["http-nio-9081"]
2022-07-12 12:38:49.259 INFO [main] com.alibaba.druid.pool.DruidDataSource : {dataSource-0} closing ...
2022-07-12 12:38:49.261 INFO [main] org.apache.coyote.http11.Http11NioProtocol : Pausing ProtocolHandler ["http-nio-9081"]
2022-07-12 12:38:49.261 INFO [main] org.apache.catalina.core.StandardService : Stopping service [Tomcat]
2022-07-12 12:38:49.269 INFO [main] org.apache.coyote.http11.Http11NioProtocol : Stopping ProtocolHandler ["http-nio-9081"]
2022-07-12 12:38:49.269 INFO [main] org.apache.coyote.http11.Http11NioProtocol : Destroying ProtocolHandler ["http-nio-9081"]
2022-07-12 12:42:44.777 INFO [background-preinit] org.hibernate.validator.internal.util.Version : HV000001: Hibernate Validator 6.2.3.Final
2022-07-12 12:42:44.828 INFO [main] com.example.cloudDisk.CloudDiskApplication : Starting CloudDiskApplication using Java 1.8.0_131 on LAPTOP-FBDKCIEO with PID 24864 (D:\hadoop\cloudDisk\cloudDisk\target\classes started by hp in D:\hadoop\cloudDisk\cloudDisk)
2022-07-12 12:42:44.830 INFO [main] com.example.cloudDisk.CloudDiskApplication : The following 1 profile is active: "niu"
2022-07-12 12:42:46.156 INFO [main] org.apache.coyote.http11.Http11NioProtocol : Initializing ProtocolHandler ["http-nio-9081"]
2022-07-12 12:42:46.156 INFO [main] org.apache.catalina.core.StandardService : Starting service [Tomcat]
2022-07-12 12:42:46.156 INFO [main] org.apache.catalina.core.StandardEngine : Starting Servlet engine: [Apache Tomcat/9.0.63]
2022-07-12 12:42:46.321 INFO [main] org.apache.catalina.core.ContainerBase.[Tomcat].[localhost].[/] : Initializing Spring embedded WebApplicationContext
2022-07-12 12:42:49.671 INFO [main] com.example.cloudDisk.common.minio.MinioUtil : 开始创建 MinioClient...
2022-07-12 12:42:50.324 INFO [main] com.example.cloudDisk.common.minio.MinioUtil : 创建完毕 MinioClient...
2022-07-12 12:42:50.700 INFO [main] org.apache.coyote.http11.Http11NioProtocol : Starting ProtocolHandler ["http-nio-9081"]
2022-07-12 12:42:51.091 INFO [main] com.example.cloudDisk.CloudDiskApplication : Started CloudDiskApplication in 6.728 seconds (JVM running for 8.049)
2022-07-12 12:43:38.112 INFO [http-nio-9081-exec-2] org.apache.catalina.core.ContainerBase.[Tomcat].[localhost].[/] : Initializing Spring DispatcherServlet 'dispatcherServlet'
2022-07-12 12:43:39.343 INFO [http-nio-9081-exec-1] com.alibaba.druid.pool.DruidDataSource : {dataSource-1} inited
2022-07-12 12:44:14.860 INFO [http-nio-9081-exec-9] com.example.cloudDisk.service.impl.UserInfoServiceImpl : 用户492c8106f2b549e1a1c2d8baeee3b7cf登录成功
2022-07-12 12:46:20.936 INFO [http-nio-9081-exec-6] com.example.cloudDisk.service.impl.UserInfoServiceImpl : 用户492c8106f2b549e1a1c2d8baeee3b7cf登录成功
2022-07-12 13:05:04.685 INFO [http-nio-9081-exec-8] com.example.cloudDisk.common.minio.MinioUtil : bucketName:  file
2022-07-12 13:07:25.504 INFO [http-nio-9081-exec-2] com.example.cloudDisk.common.minio.MinioUtil : bucketName:  file
2022-07-12 13:09:26.981 INFO [http-nio-9081-exec-6] com.example.cloudDisk.common.minio.MinioUtil : bucketName:  file
2022-07-12 13:11:10.746 INFO [http-nio-9081-exec-9] com.example.cloudDisk.service.impl.UserInfoServiceImpl : 用户fb5166e3f5a444e594e2f37e8084fbad登录成功
